2022-04-06 21:49:28,039 file test
2022-04-06 21:50:24,539 file test
2022-04-06 21:50:40,587 file test
2022-04-06 21:50:43,169 file test
2022-04-06 21:50:53,228 file test
2022-04-06 21:53:05,777 file userlihongregister
2022-04-06 21:54:12,203 file test
2022-04-06 21:54:12,341 file lihong login
2022-04-06 21:54:24,023 file userlihonglogout
2022-04-06 21:55:15,672 file test
2022-04-06 21:55:15,812 file ghang login
2022-04-06 21:56:02,613 file userghanglogout
2022-04-06 21:56:17,928 file ghang login
2022-04-06 21:56:47,599 file userghanglogout
2022-04-26 12:23:08,858 file userlimingregister
2022-04-26 12:23:26,469 file liming login
2022-04-26 12:24:04,898 file user-id1 upload_file 001a.dat
2022-04-26 12:35:39,636 file user-id1 upload_file 001a.dat
2022-04-26 12:35:39,646 file user-id1 upload_file 002b.dat
2022-04-26 12:35:39,656 file user-id1 upload_file 003a.dat
2022-04-26 12:35:39,664 file user-id1 upload_file 003b.dat
2022-04-26 12:35:39,672 file user-id1 upload_file 004a.dat
2022-04-26 12:35:39,680 file user-id1 upload_file 004b.dat
2022-04-26 12:35:39,688 file user-id1 upload_file 005a.dat
2022-04-26 12:35:39,697 file user-id1 upload_file 005b.dat
2022-04-26 12:35:39,705 file user-id1 upload_file 006a.dat
2022-04-26 12:35:39,714 file user-id1 upload_file 006b.dat
2022-04-26 12:35:39,722 file user-id1 upload_file 007a.dat
2022-04-26 12:35:39,730 file user-id1 upload_file 007b.dat
2022-04-26 12:35:39,739 file user-id1 upload_file 008a.dat
2022-04-26 12:35:39,747 file user-id1 upload_file 008b.dat
2022-04-26 12:35:39,756 file user-id1 upload_file 009a.dat
2022-04-26 12:35:39,764 file user-id1 upload_file 009b.dat
2022-04-26 12:35:39,773 file user-id1 upload_file 010a.dat
2022-04-26 12:35:39,782 file user-id1 upload_file 010b.dat
2022-04-26 13:03:32,006 file userliminglogout
2022-04-26 13:13:11,148 file liming login
